<?xml version="1.0" encoding="UTF-8" ?>
<testsuite tests="25" failures="2" name="TestSuite" time="9.038" errors="0" skipped="2">
  <properties>
[...]
</properties>
  <testcase classname="Campus.CountryTest" name="createCountry" time="1.062"/>
  <testcase classname="Campus.CountryTest" name="createCountryNegative" time="0.376"/>
  <testcase classname="Campus.CountryTest" name="updateCountry" time="0.362">
    <failure message="1 expectation failed.
Expected status code &lt;200&gt; but was &lt;400&gt;.
" type="java.lang.AssertionError">java.lang.AssertionError: 1 expectation failed.
Expected status code &lt;200&gt; but was &lt;400&gt;.

	at sun.reflect.NativeConstructorAccessorImpl.newInstance0(Native Method)
	at sun.reflect.NativeConstructorAccessorImpl.newInstance(NativeConstructorAccessorImpl.java:62)
	at sun.reflect.DelegatingConstructorAccessorImpl.newInstance(DelegatingConstructorAccessorImpl.java:45)
	at java.lang.reflect.Constructor.newInstance(Constructor.java:423)
	at org.codehaus.groovy.reflection.CachedConstructor.invoke(CachedConstructor.java:73)
	at org.codehaus.groovy.reflection.CachedConstructor.doConstructorInvoke(CachedConstructor.java:60)
	at org.codehaus.groovy.runtime.callsite.ConstructorSite$ConstructorSiteNoUnwrap.callConstructor(ConstructorSite.java:86)
	at org.codehaus.groovy.runtime.callsite.CallSiteArray.defaultCallConstructor(CallSiteArray.java:58)
	at org.codehaus.groovy.runtime.callsite.AbstractCallSite.callConstructor(AbstractCallSite.java:263)
	at org.codehaus.groovy.runtime.callsite.AbstractCallSite.callConstructor(AbstractCallSite.java:277)
	at io.restassured.internal.ResponseSpecificationImpl$HamcrestAssertionClosure.validate(ResponseSpecificationImpl.groovy:512)
	at io.restassured.internal.ResponseSpecificationImpl$HamcrestAssertionClosure$validate$1.call(Unknown Source)
	at io.restassured.internal.ResponseSpecificationImpl.validateResponseIfRequired(ResponseSpecificationImpl.groovy:696)
	at io.restassured.internal.ResponseSpecificationImpl.this$2$validateResponseIfRequired(ResponseSpecificationImpl.groovy)
	at sun.reflect.NativeMethodAccessorImpl.invoke0(Native Method)
	at sun.reflect.NativeMethodAccessorImpl.invoke(NativeMethodAccessorImpl.java:62)
	at sun.reflect.DelegatingMethodAccessorImpl.invoke(DelegatingMethodAccessorImpl.java:43)
	at java.lang.reflect.Method.invoke(Method.java:498)
	at org.codehaus.groovy.runtime.callsite.PlainObjectMetaMethodSite.doInvoke(PlainObjectMetaMethodSite.java:43)
	at org.codehaus.groovy.runtime.callsite.PogoMetaMethodSite$PogoCachedMethodSiteNoUnwrapNoCoerce.invoke(PogoMetaMethodSite.java:198)
	at org.codehaus.groovy.runtime.callsite.PogoMetaMethodSite.callCurrent(PogoMetaMethodSite.java:62)
	at org.codehaus.groovy.runtime.callsite.AbstractCallSite.callCurrent(AbstractCallSite.java:185)
	at io.restassured.internal.ResponseSpecificationImpl.statusCode(ResponseSpecificationImpl.groovy:135)
	at io.restassured.specification.ResponseSpecification$statusCode$0.callCurrent(Unknown Source)
	at io.restassured.internal.ResponseSpecificationImpl.statusCode(ResponseSpecificationImpl.groovy:143)
	at io.restassured.internal.ValidatableResponseOptionsImpl.statusCode(ValidatableResponseOptionsImpl.java:89)
	at Campus.CountryTest.updateCountry(CountryTest.java:144)
</failure>
    <system-out>{
    &quot;type&quot;: &quot;https://support.mersys.io/cloud/problem/problem-with-message&quot;,
    &quot;status&quot;: 400,
    &quot;path&quot;: &quot;/api/countries&quot;,
    &quot;code&quot;: null,
    &quot;message&quot;: &quot;The Country with Name \&quot;Palau\&quot; already exists.&quot;,
    &quot;lang&quot;: null,
    &quot;uri&quot;: null
}
</system-out>
  </testcase>
  <testcase classname="Campus.CountryTest" name="deleteCountry" time="0">
    <skipped/>
  </testcase>
  <testcase classname="Campus.CountryTest" name="deleteCountryNegative" time="0">
    <skipped/>
  </testcase>
  <testcase classname="ZippoTest" name="bodyArrayHasSizeTest" time="0.266"/>
  <testcase classname="ZippoTest" name="checkCountryInResponseBody" time="0.207"/>
  <testcase classname="ZippoTest" name="checkHasItemy" time="0.231"/>
  <testcase classname="ZippoTest" name="checkStateInResponseBody" time="0.243"/>
  <testcase classname="ZippoTest" name="combiningTest" time="0.224"/>
  <testcase classname="ZippoTest" name="contentTypeTest" time="0.201"/>
  <testcase classname="ZippoTest" name="extractJsonAll_POJO" time="0.261"/>
  <testcase classname="ZippoTest" name="extractPOJO_Soru" time="0.208"/>
  <testcase classname="ZippoTest" name="extractingJsonPath" time="0.199"/>
  <testcase classname="ZippoTest" name="extractingJsonPath1" time="0.198"/>
  <testcase classname="ZippoTest" name="extractingJsonPath2" time="0.398"/>
  <testcase classname="ZippoTest" name="extractingJsonPath3" time="0.298"/>
  <testcase classname="ZippoTest" name="extractingJsonPath4" time="0.285"/>
  <testcase classname="ZippoTest" name="extractingJsonPathResponsAll" time="0.284">
    <failure message="expected [true] but found [false]" type="java.lang.AssertionError">java.lang.AssertionError: expected [true] but found [false]
	at org.testng.Assert.fail(Assert.java:99)
	at org.testng.Assert.failNotEquals(Assert.java:1037)
	at org.testng.Assert.assertTrue(Assert.java:45)
	at org.testng.Assert.assertTrue(Assert.java:55)
	at ZippoTest.extractingJsonPathResponsAll(ZippoTest.java:379)
</failure>
    <system-out>idler:[1313009, 1313008, 1313006, 1313005, 1313004, 1313003, 1313002, 1313001, 1313000, 1312999]
names:[Prof. Mukesh Tagore, Rev. Ambar Patil, Trilokanath Nehru, Lal Acharya, Ankal Butt, Dhanvin Verma DO, Mandaakin Jha, Birjesh Ahuja, Acaryatanaya Varrier Esq., Himadri Chattopadhyay IV]
limit:10
</system-out>
  </testcase>
  <testcase classname="ZippoTest" name="pathParamTest" time="0.196"/>
  <testcase classname="ZippoTest" name="queryParamTest" time="0.268"/>
  <testcase classname="ZippoTest" name="queryParamTest2" time="2.83"/>
  <testcase classname="ZippoTest" name="requestResponseSpecification" time="0.258"/>
  <testcase classname="ZippoTest" name="statusCodeTest" time="0.183"/>
  <testcase classname="ZippoTest" name="test" time="0"/>
</testsuite>